<?xml version="1.0" encoding="UTF-8"?>
<testsuite xmlns:xsi="http://www.w3.org/2001/XMLSchema-instance" xsi:noNamespaceSchemaLocation="https://maven.apache.org/surefire/maven-failsafe-plugin/xsd/failsafe-test-report.xsd" name="com.serene.tests.features.TestRunner" time="5.131" tests="5" errors="0" skipped="1" failures="0">
  <properties>
[...]
</properties>
  <testcase name="Testar novas funcionalidades" classname="Cadastramento de avaliação SIRIC" time="0">
    <skipped message="The step &quot;informo todos os dados para o cadastro de uma avaliação de risco SIRIC: avaliação de risco de risco &quot;13&quot;, &quot;03&quot;, &quot;654321880&quot;, &quot;F&quot;, &quot;2017-01-31&quot;, &quot;2020-09-30&quot;, &quot;4144&quot;, &quot;N&quot;, &quot;0&quot;, &quot;0&quot;, &quot;SICAQ&quot; e produto &quot;999&quot;, &quot;27&quot;, &quot;3&quot;, &quot;4000.00&quot;, &quot;200000.00&quot;, &quot;2&quot;, &quot;420&quot;, &quot;b32&quot;, &quot;00000000000000000000&quot;, &quot;N&quot; e habitação &quot;12018&quot;, &quot;200000.00&quot;, &quot;80.00000&quot; e grupo habitação &quot;P&quot;, &quot;00000000000&quot;, &quot;1382.90&quot;, &quot;43903817090&quot; e garantia &quot;999&quot;, &quot;3&quot;, &quot;426&quot;, &quot;1&quot;, &quot;1&quot;, &quot;200000.00&quot;&quot; is undefined"/>
    <system-out><![CDATA[Recebeu o(s) tipo(s) do arquivo: xml
]]></system-out>
    <system-err><![CDATA[[main] INFO net.thucydides.core.steps.ConsoleLoggingListener - &amp#27;[36m

-------------------------------------------------------------------------------------
     _______. _______ .______       _______ .__   __.  __  .___________.____    ____ 
    /       ||   ____||   _  \     |   ____||  \ |  | |  | |           |\   \  /   / 
   |   (----`|  |__   |  |_)  |    |  |__   |   \|  | |  | `---|  |----` \   \/   /  
    \   \    |   __|  |      /     |   __|  |  . `  | |  |     |  |       \_    _/   
.----)   |   |  |____ |  |\  \----.|  |____ |  |\   | |  |     |  |         |  |     
|_______/    |_______|| _| `._____||_______||__| \__| |__|     |__|         |__|    
                                                                                     
 News and tutorials at http://www.serenity-bdd.info                                  
 Documentation at https://wakaleo.gitbooks.io/the-serenity-book/content/             
 Join the Serenity Community on Rocket Chat at https://serenity-bdd.rocket.chat      
 Serenity BDD Support and Training at http://serenity-bdd.info/#/trainingandsupport  
 Learn Serenity BDD online at http://serenity-dojo.com                               
-------------------------------------------------------------------------------------
&amp#27;[0m
[main] INFO net.thucydides.core.steps.ConsoleLoggingListener - Test Suite Started: Cadastramento de avaliação SIRIC
[main] INFO net.thucydides.core.steps.ConsoleLoggingListener - 
 _____ _____ ____ _____   ____ _____  _    ____ _____ _____ ____  
|_   _| ____/ ___|_   _| / ___|_   _|/ \  |  _ \_   _| ____|  _ \ 
  | | |  _| \___ \ | |   \___ \ | | / _ \ | |_) || | |  _| | | | |
  | | | |___ ___) || |    ___) || |/ ___ \|  _ < | | | |___| |_| |
  |_| |_____|____/ |_|   |____/ |_/_/   \_\_| \_\|_| |_____|____/ 
                                                                  

TEST STARTED: Testar novas funcionalidades
-------------------------------------------------------------------(cadastramento-de-avaliação-siric;testar-novas-funcionalidades)
[main] INFO net.thucydides.core.steps.ConsoleLoggingListener - STARTING STEP Testar novas funcionalidades #1: {tipo=xml, tReg=13, tAval=03, cAval=654321880, iCpf=F, dVal=2017-01-31, dFim=2020-09-30, cUni=4144, cJul=N, iVEx=0, iPer=0, usu=SICAQ, cProd=999, cSis=27, cMod=3, vMPres=4000.00, vMEmp=200000.00, tPra=2, pMEmp=420, cRat=b32, cCont=00000000000000000000, iRen=N, oRec=12018, vImo=200000.00, cMax=80.00000, iPap=P, cTom=00000000000, rCli=1382.90, cPar=43903817090, cPGar=999, cMGar=3, cTGar=426, sTGar=1, pGar=1, vGar=200000.00}
[main] INFO net.thucydides.core.steps.ConsoleLoggingListener - STARTING STEP Dado que possuo dados para a geração de um arquivo "xml" para simulação do SIOPI
[main] INFO net.thucydides.core.steps.ConsoleLoggingListener - FINISHING STEP
[main] INFO net.thucydides.core.steps.ConsoleLoggingListener - STARTING STEP E informo todos os dados para o cadastro de uma avaliação de risco SIRIC: avaliação de risco de risco "13", "03", "654321880", "F", "2017-01-31", "2020-09-30", "4144", "N", "0", "0", "SICAQ" e produto "999", "27", "3", "4000.00", "200000.00", "2", "420", "b32", "00000000000000000000", "N" e habitação "12018", "200000.00", "80.00000" e grupo habitação "P", "00000000000", "1382.90", "43903817090" e garantia "999", "3", "426", "1", "1", "200000.00"
[main] INFO net.thucydides.core.steps.ConsoleLoggingListener - TEST PENDING
[main] INFO net.thucydides.core.steps.ConsoleLoggingListener - PENDING STEP
[main] INFO net.thucydides.core.steps.ConsoleLoggingListener - STARTING STEP Então o arquivo esta pronto para envio
[main] INFO net.thucydides.core.steps.ConsoleLoggingListener - IGNORING STEP
[main] INFO net.thucydides.core.steps.ConsoleLoggingListener - TEST PENDING
[main] INFO net.thucydides.core.steps.ConsoleLoggingListener - PENDING STEP
[main] INFO net.thucydides.core.steps.ConsoleLoggingListener - 
          __  _____ _____ ____ _____   ____  _____ _   _ ____ ___ _   _  ____ 
 _       / / |_   _| ____/ ___|_   _| |  _ \| ____| \ | |  _ \_ _| \ | |/ ___|
(_)____ / /    | | |  _| \___ \ | |   | |_) |  _| |  \| | | | | ||  \| | |  _ 
 |_____/ /     | | | |___ ___) || |   |  __/| |___| |\  | |_| | || |\  | |_| |
(_)   /_/      |_| |_____|____/ |_|   |_|   |_____|_| \_|____/___|_| \_|\____|
                                                                                

TEST PENDING: Testar novas funcionalidades
---------------------------------------------------------------------------------
]]></system-err>
  </testcase>
  <testcase name="Cadastrar avaliação" classname="Cadastramento de avaliação SIRIC" time="1.595"/>
  <testcase name="Cadastrar avaliação existente" classname="Cadastramento de avaliação SIRIC" time="0.313"/>
  <testcase name="Cadastrar avaliação com conjuge" classname="Cadastramento de avaliação SIRIC" time="0.429"/>
  <testcase name="Cadastrar avaliação sem conjuge" classname="Cadastramento de avaliação SIRIC" time="0.299"/>
</testsuite>